  PathTracer.cpp
c:\users\paul\desktop\100369891_tinypath\100369891_tinypath\tinypath\tinyray\Material.h(47): warning C4244: 'initializing': conversion from 'double' to 'int', possible loss of data
c:\users\paul\desktop\100369891_tinypath\100369891_tinypath\tinypath\tinyray\Material.h(48): warning C4244: 'initializing': conversion from 'double' to 'int', possible loss of data
PathTracer.cpp(35): warning C4244: '=': conversion from 'double' to 'int', possible loss of data
PathTracer.cpp(86): warning C4244: 'argument': conversion from 'double' to 'float', possible loss of data
PathTracer.cpp(102): warning C4244: 'argument': conversion from 'double' to 'float', possible loss of data
PathTracer.cpp(142): warning C4244: '=': conversion from 'double' to 'float', possible loss of data
PathTracer.cpp(144): warning C4244: '=': conversion from 'double' to 'float', possible loss of data
PathTracer.cpp(146): warning C4244: '=': conversion from 'double' to 'float', possible loss of data
PathTracer.cpp(168): warning C4244: '=': conversion from 'double' to 'float', possible loss of data
PathTracer.cpp(170): warning C4244: '=': conversion from 'double' to 'float', possible loss of data
PathTracer.cpp(172): warning C4244: '=': conversion from 'double' to 'float', possible loss of data
PathTracer.cpp(175): warning C4244: 'argument': conversion from 'double' to 'float', possible loss of data
PathTracer.cpp(177): warning C4244: 'argument': conversion from 'double' to 'float', possible loss of data
  Generating code
c:\users\paul\desktop\100369891_tinypath\100369891_tinypath\tinypath\tinyray\raytracer.cpp(189): warning C4715: 'RayTracer::TraceScene': not all control paths return a value
  20 of 415 functions ( 4.8%) were compiled, the rest were copied from previous compilation.
    2 functions were new in current compilation
    6 functions had inline decision re-evaluated but remain unchanged
  Finished generating code
  TinyRay.vcxproj -> C:\Users\Paul\Desktop\100369891_TinyPath\100369891_TinyPath\TinyPath\x64\Release\TinyRay.exe
  TinyRay.vcxproj -> C:\Users\Paul\Desktop\100369891_TinyPath\100369891_TinyPath\TinyPath\x64\Release\TinyRay.pdb (Full PDB)
